\BOOKMARK [1][-]{section.1}{\376\377\000G\000i\036\333\000i\000\040\000t\000h\000i\036\307\000u\000\040\000t\036\325\000n\000g\000\040\000q\000u\000a\000n}{}% 1
\BOOKMARK [1][-]{section.2}{\376\377\000M\000\364\000\040\000h\000\354\000n\000h\000\040\000h\036\307\000\040\000t\000h\036\321\000n\000g}{}% 2
\BOOKMARK [2][-]{subsection.2.1}{\376\377\000M\000\364\000\040\000h\000\354\000n\000h\000\040\000k\000\352\000n\000h\000\040\000v\000\364\000\040\000t\000u\000y\036\277\000n}{section.2}% 3
\BOOKMARK [2][-]{subsection.2.2}{\376\377\000K\000\375\000\040\000t\036\361\000\040\000p\000i\000l\000o\000t}{section.2}% 4
\BOOKMARK [2][-]{subsection.2.3}{\376\377\001\257\036\333\000c\000\040\000l\001\260\036\343\000n\000g\000\040\000k\000\352\000n\000h\000\040\000b\036\261\000n\000g\000\040\000L\000S}{section.2}% 5
\BOOKMARK [3][-]{subsubsection.2.3.1}{\376\377\000M\036\345\000c\000\040\000t\000i\000\352\000u\000\040\000c\036\347\000a\000\040\001\260\036\333\000c\000\040\000l\001\260\036\343\000n\000g\000\040\000L\000S}{subsection.2.3}% 6
\BOOKMARK [3][-]{subsubsection.2.3.2}{\376\377\000T\000\354\000m\000\040\000n\000g\000h\000i\036\307\000m\000\040\000t\036\321\000i\000\040\001\260\000u\000\040\000c\036\347\000a\000\040\001\260\036\333\000c\000\040\000l\001\260\036\343\000n\000g\000\040\000L\000S}{subsection.2.3}% 7
\BOOKMARK [3][-]{subsubsection.2.3.3}{\376\377\000N\036\331\000i\000\040\000s\000u\000y\000\040\001\021\036\303\000\040\001\260\036\333\000c\000\040\000l\001\260\036\343\000n\000g\000\040\000k\000\352\000n\000h\000\040\000t\036\241\000i\000\040\000c\000\341\000c\000\040\000v\036\313\000\040\000t\000r\000\355\000\040\000k\000h\000\364\000n\000g\000\040\000p\000h\036\243\000i\000\040\000p\000i\000l\000o\000t}{subsection.2.3}% 8
\BOOKMARK [1][-]{section.3}{\376\377\000G\000i\036\243\000i\000\040\000p\000h\000\341\000p\000\040\001\260\036\333\000c\000\040\000l\001\260\036\343\000n\000g\000\040\000k\000\352\000n\000h\000\040\000M\000M\000S\000E\000,\000\040\000L\000S\000,\000\040\000v\000\340\000\040\000m\000\341\000y\000\040\000h\036\315\000c}{}% 9
\BOOKMARK [2][-]{subsection.3.1}{\376\377\001\257\036\333\000c\000\040\000l\001\260\036\343\000n\000g\000\040\000k\000\352\000n\000h\000\040\000b\036\261\000n\000g\000\040\000M\000M\000S\000E}{section.3}% 10
\BOOKMARK [3][-]{subsubsection.3.1.1}{\376\377\000M\036\345\000c\000\040\000t\000i\000\352\000u\000\040\000c\036\347\000a\000\040\001\260\036\333\000c\000\040\000l\001\260\036\343\000n\000g\000\040\000M\000M\000S\000E}{subsection.3.1}% 11
\BOOKMARK [3][-]{subsubsection.3.1.2}{\376\377\000T\000\354\000m\000\040\000n\000g\000h\000i\036\307\000m\000\040\000t\036\321\000i\000\040\001\260\000u\000\040\000c\036\347\000a\000\040\001\260\036\333\000c\000\040\000l\001\260\036\343\000n\000g\000\040\000M\000M\000S\000E}{subsection.3.1}% 12
\BOOKMARK [3][-]{subsubsection.3.1.3}{\376\377\001\257\036\333\000c\000\040\000l\001\260\036\343\000n\000g\000\040\000k\000\352\000n\000h\000\040\000t\036\241\000i\000\040\000c\000\341\000c\000\040\000v\036\313\000\040\000t\000r\000\355\000\040\000k\000h\000\364\000n\000g\000\040\000p\000h\036\243\000i\000\040\000p\000i\000l\000o\000t}{subsection.3.1}% 13
\BOOKMARK [2][-]{subsection.3.2}{\376\377\001\257\036\333\000c\000\040\000l\001\260\036\343\000n\000g\000\040\000k\000\352\000n\000h\000\040\000b\036\261\000n\000g\000\040\000k\001\051\000\040\000t\000h\000u\036\255\000t\000\040\000h\036\315\000c\000\040\000s\000\342\000u}{section.3}% 14
\BOOKMARK [3][-]{subsubsection.3.2.1}{\376\377\000N\000g\000u\000y\000\352\000n\000\040\000l\000\375\000\040\000c\036\347\000a\000\040\001\260\036\333\000c\000\040\000l\001\260\036\343\000n\000g\000\040\000k\000\352\000n\000h\000\040\000d\036\361\000a\000\040\000t\000r\000\352\000n\000\040\000h\036\315\000c\000\040\000s\000\342\000u}{subsection.3.2}% 15
\BOOKMARK [3][-]{subsubsection.3.2.2}{\376\377\000K\000i\036\277\000n\000\040\000t\000r\000\372\000c\000\040\000m\036\241\000n\000g\000\040\000h\036\315\000c\000\040\000s\000\342\000u\000\040\000c\000h\000o\000\040\001\260\036\333\000c\000\040\000l\001\260\036\343\000n\000g\000\040\000k\000\352\000n\000h}{subsection.3.2}% 16
\BOOKMARK [3][-]{subsubsection.3.2.3}{\376\377\000Q\000u\000y\000\040\000t\000r\000\354\000n\000h\000\040\001\260\036\333\000c\000\040\000l\001\260\036\343\000n\000g\000\040\000k\000\352\000n\000h\000\040\000d\036\361\000a\000\040\000t\000r\000\352\000n\000\040\000h\036\315\000c\000\040\000s\000\342\000u}{subsection.3.2}% 17
\BOOKMARK [1][-]{section.4}{\376\377\000K\036\277\000t\000\040\000q\000u\036\243\000\040\000m\000\364\000\040\000p\000h\036\317\000n\000g}{}% 18
\BOOKMARK [1][-]{section.5}{\376\377\000K\036\277\000t\000\040\000l\000u\036\255\000n}{}% 19
\BOOKMARK [1][-]{section*.12}{\376\377\000T\000\340\000i\000\040\000l\000i\036\307\000u\000\040\000t\000h\000a\000m\000\040\000k\000h\036\243\000o}{}% 20
